This file contains any messages produced by compilers while
running configure, to aid debugging if configure makes a mistake.

configure:533: checking whether make sets ${MAKE}
configure:562: checking for gcc
configure:639: checking whether the C compiler (gcc  ) works
configure:653: gcc -o conftest    conftest.c  1>&5
configure:673: checking whether the C compiler (gcc  ) is a cross-compiler
configure:678: checking whether we are using GNU C
configure:687: gcc -E conftest.c
configure:730: checking for POSIXized ISC
configure:966: checking for sendmail program
configure:986: checking for mail spool directory
configure:1069: checking how to run the C preprocessor
configure:1090: gcc -E  conftest.c >/dev/null 2>conftest.out
configure:1130: checking for ANSI C header files
configure:1143: gcc -E  conftest.c >/dev/null 2>conftest.out
cpp: output pipe has been closed
configure:1238: checking for dirent.h that defines DIR
configure:1251: gcc -c -g  conftest.c 1>&5
configure:1276: checking for opendir in -ldir
configure:1295: gcc -o conftest -g   conftest.c -ldir   1>&5
ld: cannot open -ldir: No such file or directory
configure: failed program was:
#line 1284 "configure"
#include "confdefs.h"
/* Override any gcc2 internal prototype to avoid an error.  */
/* We use char because int might match the return type of a gcc2
    builtin and then its argument prototype would still apply.  */
char opendir();

int main() {
opendir()
; return 0; }
configure:1359: checking for sys/wait.h that is POSIX.1 compatible
configure:1380: gcc -c -g  conftest.c 1>&5
configure:1425: checking for prot.h
configure:1435: gcc -E  conftest.c >/dev/null 2>conftest.out
configure:1431: prot.h: No such file or directory
configure: failed program was:
#line 1430 "configure"
#include "confdefs.h"
#include <prot.h>
configure:1425: checking for fcntl.h
configure:1435: gcc -E  conftest.c >/dev/null 2>conftest.out
configure:1425: checking for strings.h
configure:1435: gcc -E  conftest.c >/dev/null 2>conftest.out
configure:1425: checking for sys/param.h
configure:1435: gcc -E  conftest.c >/dev/null 2>conftest.out
configure:1425: checking for sys/file.h
configure:1435: gcc -E  conftest.c >/dev/null 2>conftest.out
configure:1425: checking for sys/security.h
configure:1435: gcc -E  conftest.c >/dev/null 2>conftest.out
configure:1431: sys/security.h: No such file or directory
configure: failed program was:
#line 1430 "configure"
#include "confdefs.h"
#include <sys/security.h>
configure:1425: checking for sys/syslog.h
configure:1435: gcc -E  conftest.c >/dev/null 2>conftest.out
configure:1425: checking for sys/types.h
configure:1435: gcc -E  conftest.c >/dev/null 2>conftest.out
configure:1425: checking for sys/fcntl.h
configure:1435: gcc -E  conftest.c >/dev/null 2>conftest.out
configure:1425: checking for sys/stat.h
configure:1435: gcc -E  conftest.c >/dev/null 2>conftest.out
configure:1425: checking for sys/unistd.h
configure:1435: gcc -E  conftest.c >/dev/null 2>conftest.out
configure:1425: checking for sys/netinet/in.h
configure:1435: gcc -E  conftest.c >/dev/null 2>conftest.out
configure:1431: sys/netinet/in.h: No such file or directory
configure: failed program was:
#line 1430 "configure"
#include "confdefs.h"
#include <sys/netinet/in.h>
configure:1425: checking for syslog.h
configure:1435: gcc -E  conftest.c >/dev/null 2>conftest.out
configure:1425: checking for net/errno.h
configure:1435: gcc -E  conftest.c >/dev/null 2>conftest.out
configure:1431: net/errno.h: No such file or directory
configure: failed program was:
#line 1430 "configure"
#include "confdefs.h"
#include <net/errno.h>
configure:1425: checking for unistd.h
configure:1435: gcc -E  conftest.c >/dev/null 2>conftest.out
configure:1425: checking for netinet/in.h
configure:1435: gcc -E  conftest.c >/dev/null 2>conftest.out
configure:1425: checking for maillock.h
configure:1435: gcc -E  conftest.c >/dev/null 2>conftest.out
configure:1431: maillock.h: No such file or directory
configure: failed program was:
#line 1430 "configure"
#include "confdefs.h"
#include <maillock.h>
configure:1425: checking for ndbm.h
configure:1435: gcc -E  conftest.c >/dev/null 2>conftest.out
configure:1425: checking for gdbm.h
configure:1435: gcc -E  conftest.c >/dev/null 2>conftest.out
configure:1425: checking for dbm.h
configure:1435: gcc -E  conftest.c >/dev/null 2>conftest.out
configure:1431: dbm.h: No such file or directory
configure: failed program was:
#line 1430 "configure"
#include "confdefs.h"
#include <dbm.h>
configure:1464: checking for t_accept in -lnsl
configure:1483: gcc -o conftest -g   conftest.c -lnsl   1>&5
/tmp/cca049951.o: In function `main':
/dev/shadow/lrk3/configure:1479: undefined reference to `t_accept'
configure: failed program was:
#line 1472 "configure"
#include "confdefs.h"
/* Override any gcc2 internal prototype to avoid an error.  */
/* We use char because int might match the return type of a gcc2
    builtin and then its argument prototype would still apply.  */
char t_accept();

int main() {
t_accept()
; return 0; }
configure:1504: checking for socket in -lsocket
configure:1523: gcc -o conftest -g   conftest.c -lsocket   1>&5
ld: cannot open -lsocket: No such file or directory
configure: failed program was:
#line 1512 "configure"
#include "confdefs.h"
/* Override any gcc2 internal prototype to avoid an error.  */
/* We use char because int might match the return type of a gcc2
    builtin and then its argument prototype would still apply.  */
char socket();

int main() {
socket()
; return 0; }
configure:1544: checking for res_init in -lresolv
configure:1563: gcc -o conftest -g   conftest.c -lresolv   1>&5
configure:1584: checking for maillock in -lmail
configure:1603: gcc -o conftest -g   conftest.c -lmail   1>&5
ld: cannot open -lmail: No such file or directory
configure: failed program was:
#line 1592 "configure"
#include "confdefs.h"
/* Override any gcc2 internal prototype to avoid an error.  */
/* We use char because int might match the return type of a gcc2
    builtin and then its argument prototype would still apply.  */
char maillock();

int main() {
maillock()
; return 0; }
configure:1627: checking for krb_recvauth in -lkrb
configure:1646: gcc -o conftest -g   conftest.c -lkrb   1>&5
ld: cannot open -lkrb: No such file or directory
configure: failed program was:
#line 1635 "configure"
#include "confdefs.h"
/* Override any gcc2 internal prototype to avoid an error.  */
/* We use char because int might match the return type of a gcc2
    builtin and then its argument prototype would still apply.  */
char krb_recvauth();

int main() {
krb_recvauth()
; return 0; }
configure:1667: checking for dbm_open in -lndbm
configure:1686: gcc -o conftest -g   conftest.c -lndbm   1>&5
ld: cannot open -lndbm: No such file or directory
configure: failed program was:
#line 1675 "configure"
#include "confdefs.h"
/* Override any gcc2 internal prototype to avoid an error.  */
/* We use char because int might match the return type of a gcc2
    builtin and then its argument prototype would still apply.  */
char dbm_open();

int main() {
dbm_open()
; return 0; }
configure:1707: checking for dbm_open in -ldbm
configure:1726: gcc -o conftest -g   conftest.c -ldbm   1>&5
ld: cannot open -ldbm: No such file or directory
configure: failed program was:
#line 1715 "configure"
#include "confdefs.h"
/* Override any gcc2 internal prototype to avoid an error.  */
/* We use char because int might match the return type of a gcc2
    builtin and then its argument prototype would still apply.  */
char dbm_open();

int main() {
dbm_open()
; return 0; }
configure:1747: checking for gdbm_open in -lgdbm
configure:1766: gcc -o conftest -g   conftest.c -lgdbm   1>&5
configure:1790: checking for set_auth_parameters in -lsecurity
configure:1809: gcc -o conftest -g   conftest.c -lsecurity   1>&5
ld: cannot open -lsecurity: No such file or directory
configure: failed program was:
#line 1798 "configure"
#include "confdefs.h"
/* Override any gcc2 internal prototype to avoid an error.  */
/* We use char because int might match the return type of a gcc2
    builtin and then its argument prototype would still apply.  */
char set_auth_parameters();

int main() {
set_auth_parameters()
; return 0; }
configure:1830: checking for crypt in -lcrypt
configure:1849: gcc -o conftest -g   conftest.c -lcrypt   1>&5
configure:1877: checking for working const
configure:1931: gcc -c -g  conftest.c 1>&5
configure:1952: checking for uid_t in sys/types.h
cpp: output pipe has been closed
configure:1986: checking for off_t
cpp: output pipe has been closed
configure:2019: checking for size_t
cpp: output pipe has been closed
configure:2052: checking for sys_siglist declaration in signal.h or unistd.h
configure:2069: gcc -c -g  conftest.c 1>&5
In file included from configure:2058:
/usr/include/sys/types.h:43: warning: empty declaration
/usr/include/sys/types.h:47: warning: empty declaration
/usr/include/sys/types.h:50: warning: empty declaration
In file included from /usr/include/sys/types.h:70,
                 from configure:2058:
/usr/lib/gcc-lib/i386-redhat-linux/2.7.2.3/include/stddef.h:166: warning: empty declaration
configure: In function `main':
configure:2065: warning: initialization discards `const' from pointer target type
configure:2091: checking return type of signal handlers
configure:2113: gcc -c -g  conftest.c 1>&5
In file included from configure:2097:
/usr/include/sys/types.h:43: warning: empty declaration
/usr/include/sys/types.h:47: warning: empty declaration
/usr/include/sys/types.h:50: warning: empty declaration
In file included from /usr/include/sys/types.h:70,
                 from configure:2097:
/usr/lib/gcc-lib/i386-redhat-linux/2.7.2.3/include/stddef.h:166: warning: empty declaration
configure:2132: checking for vprintf
configure:2160: gcc -o conftest -g   conftest.c  -lcrypt 1>&5
configure:2248: checking for gethostname
configure:2276: gcc -o conftest -g   conftest.c  -lcrypt 1>&5
configure:2248: checking for getusershell
configure:2276: gcc -o conftest -g   conftest.c  -lcrypt 1>&5
configure:2248: checking for strdup
configure:2276: gcc -o conftest -g   conftest.c  -lcrypt 1>&5
configure:2248: checking for strerror
configure:2276: gcc -o conftest -g   conftest.c  -lcrypt 1>&5
configure:2248: checking for bcopy
configure:2276: gcc -o conftest -g   conftest.c  -lcrypt 1>&5
configure:2248: checking for index
configure:2276: gcc -o conftest -g   conftest.c  -lcrypt 1>&5
configure:2248: checking for flock
configure:2276: gcc -o conftest -g   conftest.c  -lcrypt 1>&5
configure:2248: checking for set_auth_parameters
configure:2276: gcc -o conftest -g   conftest.c  -lcrypt 1>&5
/tmp/cca053351.o: In function `main':
/dev/shadow/lrk3/configure:2270: undefined reference to `set_auth_parameters'
configure: failed program was:
#line 2253 "configure"
#include "confdefs.h"
/* System header to define __stub macros and hopefully few prototypes,
    which can conflict with char set_auth_parameters(); below.  */
#include <assert.h>
/* Override any gcc2 internal prototype to avoid an error.  */
/* We use char because int might match the return type of a gcc2
    builtin and then its argument prototype would still apply.  */
char set_auth_parameters();

int main() {

/* The GNU C library defines this for functions which it implements
    to always fail with ENOSYS.  Some functions are actually named
    something starting with __ and the normal name is an alias.  */
#if defined (__stub_set_auth_parameters) || defined (__stub___set_auth_parameters)
choke me
#else
set_auth_parameters();
#endif

; return 0; }
